***** RUN TIME 2025-08-09 20:31:04.601488151 -0500 CDT m=+0.005094731

+++++ github.com/jdetok/bball-etl-cli/etl.CrntPlayersETL
-- attempting current players ETL for 2024-25 nba season and 2025-26 wnba season

+++++ github.com/jdetok/bball-etl-cli/etl.CrntPlayersETL
-- attempting to insert current nba players

+++++ github.com/jdetok/bball-etl-cli/etl.CrntPlayersETL
-- response returned 16 fields & 571 rows

+++++ github.com/jdetok/bball-etl-cli/etl.(*InsertStmnt).InsertFast.func1
-- starting chunk 5/5 - 2025-08-09 20:31:04.813349676 -0500 CDT m=+0.216956441

+++++ github.com/jdetok/bball-etl-cli/etl.(*InsertStmnt).InsertFast.func1
-- starting chunk 1/5 - 2025-08-09 20:31:04.813426565 -0500 CDT m=+0.217033163

+++++ github.com/jdetok/bball-etl-cli/etl.(*InsertStmnt).InsertFast.func1
-- starting chunk 3/5 - 2025-08-09 20:31:04.813605473 -0500 CDT m=+0.217212182

+++++ github.com/jdetok/bball-etl-cli/etl.(*InsertStmnt).InsertFast.func1
-- starting chunk 4/5 - 2025-08-09 20:31:04.813613603 -0500 CDT m=+0.217220201

+++++ github.com/jdetok/bball-etl-cli/etl.(*InsertStmnt).InsertFast.func1
-- starting chunk 2/5 - 2025-08-09 20:31:04.813349269 -0500 CDT m=+0.216956052

+++++ github.com/jdetok/bball-etl-cli/etl.(*InsertStmnt).InsertFast.func1
-- chunk 5/5 complete | rowsets: 71 | vals: 1136
-  2025-08-09 20:31:04.853968775 -0500 CDT m=+0.257575336
-  40.880618ms
-- 0 new rows inserted into intake.player
-- total rows affected:  0


+++++ github.com/jdetok/bball-etl-cli/etl.(*InsertStmnt).InsertFast.func1
-- chunk 2/5 complete | rowsets: 125 | vals: 2000
-  2025-08-09 20:31:04.903764239 -0500 CDT m=+0.307370819
-  90.431674ms
-- 0 new rows inserted into intake.player
-- total rows affected:  0


+++++ github.com/jdetok/bball-etl-cli/etl.(*InsertStmnt).InsertFast.func1
-- chunk 1/5 complete | rowsets: 125 | vals: 2000
-  2025-08-09 20:31:04.913120235 -0500 CDT m=+0.316726796
-  99.70667ms
-- 0 new rows inserted into intake.player
-- total rows affected:  0


+++++ github.com/jdetok/bball-etl-cli/etl.(*InsertStmnt).InsertFast.func1
-- chunk 4/5 complete | rowsets: 125 | vals: 2000
-  2025-08-09 20:31:04.91561322 -0500 CDT m=+0.319219855
-  102.011654ms
-- 0 new rows inserted into intake.player
-- total rows affected:  0


+++++ github.com/jdetok/bball-etl-cli/etl.(*InsertStmnt).InsertFast.func1
-- chunk 3/5 complete | rowsets: 125 | vals: 2000
-  2025-08-09 20:31:04.917824001 -0500 CDT m=+0.321430562
-  104.229769ms
-- 0 new rows inserted into intake.player
-- total rows affected:  0


+++++ github.com/jdetok/bball-etl-cli/etl.CrntPlayersETL
-- current nba players ETL complete

+++++ github.com/jdetok/bball-etl-cli/etl.CrntPlayersETL
-- attempting to insert current wnba players

+++++ github.com/jdetok/bball-etl-cli/etl.CrntPlayersETL
-- response returned 17 fields & 178 rows

+++++ github.com/jdetok/bball-etl-cli/etl.(*InsertStmnt).InsertFast.func1
-- starting chunk 1/2 - 2025-08-09 20:31:05.995174747 -0500 CDT m=+1.398781456

+++++ github.com/jdetok/bball-etl-cli/etl.(*InsertStmnt).InsertFast.func1
-- starting chunk 2/2 - 2025-08-09 20:31:05.99516158 -0500 CDT m=+1.398768141

+++++ github.com/jdetok/bball-etl-cli/etl.(*InsertStmnt).InsertFast.func1
-- chunk 2/2 complete | rowsets: 61 | vals: 1037
-  2025-08-09 20:31:06.014394387 -0500 CDT m=+1.418000948
-  19.245233ms
-- 0 new rows inserted into intake.wplayer
-- total rows affected:  0


+++++ github.com/jdetok/bball-etl-cli/etl.(*InsertStmnt).InsertFast.func1
-- chunk 1/2 complete | rowsets: 117 | vals: 1989
-  2025-08-09 20:31:06.027454796 -0500 CDT m=+1.431061357
-  32.290975ms
-- 0 new rows inserted into intake.wplayer
-- total rows affected:  0


+++++ github.com/jdetok/bball-etl-cli/etl.CrntPlayersETL
-- current wnba players ETL complete

+++++ github.com/jdetok/bball-etl-cli/etl.CrntPlayersETL
-- current players ETL complete for all leagues

+++++ github.com/jdetok/bball-etl-cli/etl.GLogDailyETL
-- attempting to fetch /stats/leaguegamelog: LG=00, SZN=2024-25 Regular+Season, PLTM=T, DATE=08/08/2025

+++++ github.com/jdetok/bball-etl-cli/etl.GameLogETL
-- response returned 0 rows, exiting

+++++ github.com/jdetok/bball-etl-cli/etl.GLogDailyETL
-- attempting to fetch /stats/leaguegamelog: LG=00, SZN=2024-25 Playoffs, PLTM=T, DATE=08/08/2025

+++++ github.com/jdetok/bball-etl-cli/etl.GameLogETL
-- response returned 0 rows, exiting

+++++ github.com/jdetok/bball-etl-cli/etl.GLogDailyETL
-- finished with LG=00, SZN=2024-25, PLTM=T, DATE=08/08/2025

+++++ github.com/jdetok/bball-etl-cli/etl.GLogDailyETL
-- attempting to fetch /stats/leaguegamelog: LG=00, SZN=2024-25 Regular+Season, PLTM=P, DATE=08/08/2025

+++++ github.com/jdetok/bball-etl-cli/etl.GameLogETL
-- response returned 0 rows, exiting

+++++ github.com/jdetok/bball-etl-cli/etl.GLogDailyETL
-- attempting to fetch /stats/leaguegamelog: LG=00, SZN=2024-25 Playoffs, PLTM=P, DATE=08/08/2025

+++++ github.com/jdetok/bball-etl-cli/etl.GameLogETL
-- response returned 0 rows, exiting

+++++ github.com/jdetok/bball-etl-cli/etl.GLogDailyETL
-- finished with LG=00, SZN=2024-25, PLTM=P, DATE=08/08/2025

+++++ github.com/jdetok/bball-etl-cli/etl.GLogDailyETL
-- attempting to fetch /stats/leaguegamelog: LG=10, SZN=2025-26 Regular+Season, PLTM=T, DATE=08/08/2025

+++++ github.com/jdetok/bball-etl-cli/etl.GameLogETL
-- response returned 29 fields & 6 rows

+++++ github.com/jdetok/bball-etl-cli/etl.(*InsertStmnt).InsertFast.func1
-- starting chunk 1/1 - 2025-08-09 20:31:19.418111922 -0500 CDT m=+14.821718595

+++++ github.com/jdetok/bball-etl-cli/etl.(*InsertStmnt).InsertFast.func1
-- chunk 1/1 complete | rowsets: 6 | vals: 174
-  2025-08-09 20:31:19.41961761 -0500 CDT m=+14.823224171
-  1.513724ms
-- 0 new rows inserted into intake.gm_team
-- total rows affected:  0


+++++ github.com/jdetok/bball-etl-cli/etl.GLogDailyETL
-- attempting to fetch /stats/leaguegamelog: LG=10, SZN=2025-26 Playoffs, PLTM=T, DATE=08/08/2025

+++++ github.com/jdetok/bball-etl-cli/etl.GameLogETL
-- response returned 0 rows, exiting

+++++ github.com/jdetok/bball-etl-cli/etl.GLogDailyETL
-- finished with LG=10, SZN=2025-26, PLTM=T, DATE=08/08/2025

+++++ github.com/jdetok/bball-etl-cli/etl.GLogDailyETL
-- attempting to fetch /stats/leaguegamelog: LG=10, SZN=2025-26 Regular+Season, PLTM=P, DATE=08/08/2025

