***** RUN TIME 2025-08-09 20:31:40.181435226 -0500 CDT m=+0.004918267

+++++ github.com/jdetok/bball-etl-cli/etl.SznPlayersETL
-- attempting players ETL for 2025-26 nba/wnba seasons

+++++ github.com/jdetok/bball-etl-cli/etl.SznPlayersETL
-- attempting to insert 2025-26 nba players

+++++ github.com/jdetok/bball-etl-cli/etl.SznPlayersETL
-- response returned 16 fields & 604 rows

+++++ github.com/jdetok/bball-etl-cli/etl.(*InsertStmnt).InsertFast.func1
-- starting chunk 5/5 - 2025-08-09 20:31:40.379332175 -0500 CDT m=+0.202815530

+++++ github.com/jdetok/bball-etl-cli/etl.(*InsertStmnt).InsertFast.func1
-- starting chunk 1/5 - 2025-08-09 20:31:40.379336415 -0500 CDT m=+0.202819475

+++++ github.com/jdetok/bball-etl-cli/etl.(*InsertStmnt).InsertFast.func1
-- starting chunk 2/5 - 2025-08-09 20:31:40.379330101 -0500 CDT m=+0.202813142

+++++ github.com/jdetok/bball-etl-cli/etl.(*InsertStmnt).InsertFast.func1
-- starting chunk 3/5 - 2025-08-09 20:31:40.379415249 -0500 CDT m=+0.202898438

+++++ github.com/jdetok/bball-etl-cli/etl.(*InsertStmnt).InsertFast.func1
-- starting chunk 4/5 - 2025-08-09 20:31:40.379416564 -0500 CDT m=+0.202899790

+++++ github.com/jdetok/bball-etl-cli/etl.(*InsertStmnt).InsertFast.func1
-- chunk 5/5 complete | rowsets: 104 | vals: 1664
-  2025-08-09 20:31:40.45229897 -0500 CDT m=+0.275782011
-  73.007945ms
-- 0 new rows inserted into intake.player
-- total rows affected:  0


+++++ github.com/jdetok/bball-etl-cli/etl.(*InsertStmnt).InsertFast.func1
-- chunk 3/5 complete | rowsets: 125 | vals: 2000
-  2025-08-09 20:31:40.474866597 -0500 CDT m=+0.298349638
-  95.478589ms
-- 0 new rows inserted into intake.player
-- total rows affected:  0


+++++ github.com/jdetok/bball-etl-cli/etl.(*InsertStmnt).InsertFast.func1
-- chunk 1/5 complete | rowsets: 125 | vals: 2000
-  2025-08-09 20:31:40.486073596 -0500 CDT m=+0.309556637
-  106.750162ms
-- 0 new rows inserted into intake.player
-- total rows affected:  0


+++++ github.com/jdetok/bball-etl-cli/etl.(*InsertStmnt).InsertFast.func1
-- chunk 2/5 complete | rowsets: 125 | vals: 2000
-  2025-08-09 20:31:40.488119043 -0500 CDT m=+0.311602103
-  108.806165ms
-- 0 new rows inserted into intake.player
-- total rows affected:  0


+++++ github.com/jdetok/bball-etl-cli/etl.(*InsertStmnt).InsertFast.func1
-- chunk 4/5 complete | rowsets: 125 | vals: 2000
-  2025-08-09 20:31:40.48852797 -0500 CDT m=+0.312011011
-  109.121647ms
-- 0 new rows inserted into intake.player
-- total rows affected:  0


+++++ github.com/jdetok/bball-etl-cli/etl.SznPlayersETL
-- 2025-26 nba players ETL complete

+++++ github.com/jdetok/bball-etl-cli/etl.SznPlayersETL
-- attempting to insert 2025-26 wnba players

+++++ github.com/jdetok/bball-etl-cli/etl.SznPlayersETL
-- response returned 17 fields & 178 rows

+++++ github.com/jdetok/bball-etl-cli/etl.(*InsertStmnt).InsertFast.func1
-- starting chunk 1/2 - 2025-08-09 20:31:41.551058674 -0500 CDT m=+1.374541715

+++++ github.com/jdetok/bball-etl-cli/etl.(*InsertStmnt).InsertFast.func1
-- starting chunk 2/2 - 2025-08-09 20:31:41.551016581 -0500 CDT m=+1.374499659

+++++ github.com/jdetok/bball-etl-cli/etl.(*InsertStmnt).InsertFast.func1
-- chunk 2/2 complete | rowsets: 61 | vals: 1037
-  2025-08-09 20:31:41.568721812 -0500 CDT m=+1.392204853
-  17.727583ms
-- 0 new rows inserted into intake.wplayer
-- total rows affected:  0


+++++ github.com/jdetok/bball-etl-cli/etl.(*InsertStmnt).InsertFast.func1
-- chunk 1/2 complete | rowsets: 117 | vals: 1989
-  2025-08-09 20:31:41.581582701 -0500 CDT m=+1.405065742
-  30.53725ms
-- 0 new rows inserted into intake.wplayer
-- total rows affected:  0


+++++ github.com/jdetok/bball-etl-cli/etl.SznPlayersETL
-- 2025-26 wnba players ETL complete

+++++ github.com/jdetok/bball-etl-cli/etl.SznPlayersETL
-- players ETL complete for 2025-26

+++++ github.com/jdetok/bball-etl-cli/etl.GetManyGLogs
-- attempting to fetch /stats/leaguegamelog: LG=00, SZN=2025-26 Regular+Season, PLTM=T

+++++ github.com/jdetok/bball-etl-cli/etl.GameLogETL
-- response returned 0 rows, exiting

+++++ github.com/jdetok/bball-etl-cli/etl.GetManyGLogs
-- finished with LG=00, SZN=2025-26 Regular+Season, PLTM=T

+++++ github.com/jdetok/bball-etl-cli/etl.GetManyGLogs
-- attempting to fetch /stats/leaguegamelog: LG=00, SZN=2025-26 Playoffs, PLTM=T

+++++ github.com/jdetok/bball-etl-cli/etl.GameLogETL
-- response returned 0 rows, exiting

+++++ github.com/jdetok/bball-etl-cli/etl.GetManyGLogs
-- finished with LG=00, SZN=2025-26 Playoffs, PLTM=T

+++++ github.com/jdetok/bball-etl-cli/etl.GetManyGLogs
-- attempting to fetch /stats/leaguegamelog: LG=00, SZN=2025-26 Regular+Season, PLTM=P

+++++ github.com/jdetok/bball-etl-cli/etl.GameLogETL
-- response returned 0 rows, exiting

+++++ github.com/jdetok/bball-etl-cli/etl.GetManyGLogs
-- finished with LG=00, SZN=2025-26 Regular+Season, PLTM=P

+++++ github.com/jdetok/bball-etl-cli/etl.GetManyGLogs
-- attempting to fetch /stats/leaguegamelog: LG=00, SZN=2025-26 Playoffs, PLTM=P

+++++ github.com/jdetok/bball-etl-cli/etl.GameLogETL
-- response returned 0 rows, exiting

+++++ github.com/jdetok/bball-etl-cli/etl.GetManyGLogs
-- finished with LG=00, SZN=2025-26 Playoffs, PLTM=P

+++++ github.com/jdetok/bball-etl-cli/etl.GetManyGLogs
-- attempting to fetch /stats/leaguegamelog: LG=10, SZN=2025-26 Regular+Season, PLTM=T

+++++ github.com/jdetok/bball-etl-cli/etl.GameLogETL
-- response returned 29 fields & 392 rows

+++++ github.com/jdetok/bball-etl-cli/etl.(*InsertStmnt).InsertFast.func1
-- starting chunk 6/6 - 2025-08-09 20:31:42.950888315 -0500 CDT m=+2.774371430

+++++ github.com/jdetok/bball-etl-cli/etl.(*InsertStmnt).InsertFast.func1
-- starting chunk 2/6 - 2025-08-09 20:31:42.950990019 -0500 CDT m=+2.774473060

+++++ github.com/jdetok/bball-etl-cli/etl.(*InsertStmnt).InsertFast.func1
-- starting chunk 3/6 - 2025-08-09 20:31:42.950893907 -0500 CDT m=+2.774377171

+++++ github.com/jdetok/bball-etl-cli/etl.(*InsertStmnt).InsertFast.func1
-- starting chunk 5/6 - 2025-08-09 20:31:42.95098763 -0500 CDT m=+2.774470671

+++++ github.com/jdetok/bball-etl-cli/etl.(*InsertStmnt).InsertFast.func1
-- starting chunk 1/6 - 2025-08-09 20:31:42.950915778 -0500 CDT m=+2.774399060

+++++ github.com/jdetok/bball-etl-cli/etl.(*InsertStmnt).InsertFast.func1
-- starting chunk 4/6 - 2025-08-09 20:31:42.95090913 -0500 CDT m=+2.774392745

+++++ github.com/jdetok/bball-etl-cli/etl.(*InsertStmnt).InsertFast.func1
-- chunk 6/6 complete | rowsets: 52 | vals: 1508
-  2025-08-09 20:31:43.022676461 -0500 CDT m=+2.846159520
-  71.805905ms
-- 0 new rows inserted into intake.gm_team
-- total rows affected:  0


+++++ github.com/jdetok/bball-etl-cli/etl.(*InsertStmnt).InsertFast.func1
-- chunk 3/6 complete | rowsets: 68 | vals: 1972
-  2025-08-09 20:31:43.051857672 -0500 CDT m=+2.875340713
-  100.996727ms
-- 0 new rows inserted into intake.gm_team
-- total rows affected:  0


+++++ github.com/jdetok/bball-etl-cli/etl.(*InsertStmnt).InsertFast.func1
-- chunk 5/6 complete | rowsets: 68 | vals: 1972
-  2025-08-09 20:31:43.054736158 -0500 CDT m=+2.878219199
-  103.769879ms
-- 0 new rows inserted into intake.gm_team
-- total rows affected:  0


+++++ github.com/jdetok/bball-etl-cli/etl.(*InsertStmnt).InsertFast.func1
-- chunk 2/6 complete | rowsets: 68 | vals: 1972
-  2025-08-09 20:31:43.0581587 -0500 CDT m=+2.881641741
-  107.178051ms
-- 0 new rows inserted into intake.gm_team
-- total rows affected:  0


+++++ github.com/jdetok/bball-etl-cli/etl.(*InsertStmnt).InsertFast.func1
-- chunk 1/6 complete | rowsets: 68 | vals: 1972
-  2025-08-09 20:31:43.060922815 -0500 CDT m=+2.884405856
-  110.019296ms
-- 0 new rows inserted into intake.gm_team
-- total rows affected:  0


+++++ github.com/jdetok/bball-etl-cli/etl.(*InsertStmnt).InsertFast.func1
-- chunk 4/6 complete | rowsets: 68 | vals: 1972
-  2025-08-09 20:31:43.062744762 -0500 CDT m=+2.886227822
-  111.844558ms
-- 0 new rows inserted into intake.gm_team
-- total rows affected:  0


